[    0.000000] Initializing cgroup subsys cpuset
[    0.000000] Initializing cgroup subsys cpu
[    0.000000] Initializing cgroup subsys cpuacct
[    0.000000] Linux version 4.4.0-66-generic (buildd@lgw01-28) (gcc version 5.4.0 20160609 (Ubuntu 5.4.0-6ubuntu1~16.04.4) ) #87-Ubuntu SMP Fri Mar 3 15:29:05 UTC 2017 (Ubuntu 4.4.0-66.87-generic 4.4.44)
[    0.000000] Command line: BOOT_IMAGE=/boot/vmlinuz-4.4.0-66-generic root=LABEL=cloudimg-rootfs ro console=tty1 console=ttyS0
[    0.000000] KERNEL supported cpus:
[    0.000000]   Intel GenuineIntel
[    0.000000]   AMD AuthenticAMD
[    0.000000]   Centaur CentaurHauls
[    0.000000] x86/fpu: xstate_offset[2]:  576, xstate_sizes[2]:  256
[    0.000000] x86/fpu: Supporting XSAVE feature 0x01: 'x87 floating point registers'
[    0.000000] x86/fpu: Supporting XSAVE feature 0x02: 'SSE registers'
[    0.000000] x86/fpu: Supporting XSAVE feature 0x04: 'AVX registers'
[    0.000000] x86/fpu: Enabled xstate features 0x7, context size is 832 bytes, using 'standard' format.
[    0.000000] x86/fpu: Using 'lazy' FPU context switches.
[    0.000000] e820: BIOS-provided physical RAM map:
[    0.000000] BIOS-e820: [mem 0x0000000000000000-0x000000000009fbff] usable
[    0.000000] BIOS-e820: [mem 0x000000000009fc00-0x000000000009ffff] reserved
[    0.000000] BIOS-e820: [mem 0x00000000000f0000-0x00000000000fffff] reserved
[    0.000000] BIOS-e820: [mem 0x0000000000100000-0x000000003ffeffff] usable
[    0.000000] BIOS-e820: [mem 0x000000003fff0000-0x000000003fffffff] ACPI data
[    0.000000] BIOS-e820: [mem 0x00000000fec00000-0x00000000fec00fff] reserved
[    0.000000] BIOS-e820: [mem 0x00000000fee00000-0x00000000fee00fff] reserved
[    0.000000] BIOS-e820: [mem 0x00000000fffc0000-0x00000000ffffffff] reserved
[    0.000000] NX (Execute Disable) protection: active
[    0.000000] SMBIOS 2.5 present.
[    0.000000] Hypervisor detected: KVM
[    0.000000] e820: last_pfn = 0x3fff0 max_arch_pfn = 0x400000000
[    0.000000] MTRR: Disabled
[    0.000000] x86/PAT: MTRRs disabled, skipping PAT initialization too.
[    0.000000] x86/PAT: Configuration [0-7]: WB  WT  UC- UC  WB  WT  UC- UC  
[    0.000000] CPU MTRRs all blank - virtualized system.
[    0.000000] found SMP MP-table at [mem 0x0009fff0-0x0009ffff] mapped at [ffff88000009fff0]
[    0.000000] Scanning 1 areas for low memory corruption
[    0.000000] RAMDISK: [mem 0x36ac8000-0x3755bfff]
[    0.000000] ACPI: Early table checksum verification disabled
[    0.000000] ACPI: RSDP 0x00000000000E0000 000024 (v02 VBOX  )
[    0.000000] ACPI: XSDT 0x000000003FFF0030 00003C (v01 VBOX   VBOXXSDT 00000001 ASL  00000061)
[    0.000000] ACPI: FACP 0x000000003FFF00F0 0000F4 (v04 VBOX   VBOXFACP 00000001 ASL  00000061)
[    0.000000] ACPI: DSDT 0x000000003FFF0470 0021C8 (v02 VBOX   VBOXBIOS 00000002 INTL 20100528)
[    0.000000] ACPI: FACS 0x000000003FFF0200 000040
[    0.000000] ACPI: FACS 0x000000003FFF0200 000040
[    0.000000] ACPI: APIC 0x000000003FFF0240 00005C (v02 VBOX   VBOXAPIC 00000001 ASL  00000061)
[    0.000000] ACPI: SSDT 0x000000003FFF02A0 0001CC (v01 VBOX   VBOXCPUT 00000002 INTL 20100528)
[    0.000000] No NUMA configuration found
[    0.000000] Faking a node at [mem 0x0000000000000000-0x000000003ffeffff]
[    0.000000] NODE_DATA(0) allocated [mem 0x3ffeb000-0x3ffeffff]
[    0.000000] kvm-clock: Using msrs 4b564d01 and 4b564d00
[    0.000000] kvm-clock: cpu 0, msr 0:3ffe3001, primary cpu clock
[    0.000000] kvm-clock: using sched offset of 3100118801 cycles
[    0.000000] clocksource: kvm-clock: mask: 0xffffffffffffffff max_cycles: 0x1cd42e4dffb, max_idle_ns: 881590591483 ns
[    0.000000] Zone ranges:
[    0.000000]   DMA      [mem 0x0000000000001000-0x0000000000ffffff]
[    0.000000]   DMA32    [mem 0x0000000001000000-0x000000003ffeffff]
[    0.000000]   Normal   empty
[    0.000000]   Device   empty
[    0.000000] Movable zone start for each node
[    0.000000] Early memory node ranges
[    0.000000]   node   0: [mem 0x0000000000001000-0x000000000009efff]
[    0.000000]   node   0: [mem 0x0000000000100000-0x000000003ffeffff]
[    0.000000] Initmem setup node 0 [mem 0x0000000000001000-0x000000003ffeffff]
[    0.000000] ACPI: PM-Timer IO Port: 0x4008
[    0.000000] IOAPIC[0]: apic_id 2, version 32, address 0xfec00000, GSI 0-23
[    0.000000] ACPI: INT_SRC_OVR (bus 0 bus_irq 0 global_irq 2 dfl dfl)
[    0.000000] ACPI: INT_SRC_OVR (bus 0 bus_irq 9 global_irq 9 high level)
[    0.000000] Using ACPI (MADT) for SMP configuration information
[    0.000000] smpboot: Allowing 2 CPUs, 0 hotplug CPUs
[    0.000000] PM: Registered nosave memory: [mem 0x00000000-0x00000fff]
[    0.000000] PM: Registered nosave memory: [mem 0x0009f000-0x0009ffff]
[    0.000000] PM: Registered nosave memory: [mem 0x000a0000-0x000effff]
[    0.000000] PM: Registered nosave memory: [mem 0x000f0000-0x000fffff]
[    0.000000] e820: [mem 0x40000000-0xfebfffff] available for PCI devices
[    0.000000] Booting paravirtualized kernel on KVM
[    0.000000] clocksource: refined-jiffies: mask: 0xffffffff max_cycles: 0xffffffff, max_idle_ns: 7645519600211568 ns
[    0.000000] setup_percpu: NR_CPUS:512 nr_cpumask_bits:512 nr_cpu_ids:2 nr_node_ids:1
[    0.000000] PERCPU: Embedded 33 pages/cpu @ffff88003fc00000 s98264 r8192 d28712 u1048576
[    0.000000] PV qspinlock hash table entries: 256 (order: 0, 4096 bytes)
[    0.000000] Built 1 zonelists in Node order, mobility grouping on.  Total pages: 257913
[    0.000000] Policy zone: DMA32
[    0.000000] Kernel command line: BOOT_IMAGE=/boot/vmlinuz-4.4.0-66-generic root=LABEL=cloudimg-rootfs ro console=tty1 console=ttyS0
[    0.000000] PID hash table entries: 4096 (order: 3, 32768 bytes)
[    0.000000] Memory: 1001744K/1048120K available (8452K kernel code, 1293K rwdata, 3980K rodata, 1488K init, 1316K bss, 46376K reserved, 0K cma-reserved)
[    0.000000] SLUB: HWalign=64, Order=0-3, MinObjects=0, CPUs=2, Nodes=1
[    0.000000] Hierarchical RCU implementation.
[    0.000000] 	Build-time adjustment of leaf fanout to 64.
[    0.000000] 	RCU restricting CPUs from NR_CPUS=512 to nr_cpu_ids=2.
[    0.000000] RCU: Adjusting geometry for rcu_fanout_leaf=64, nr_cpu_ids=2
[    0.000000] NR_IRQS:33024 nr_irqs:440 16
[    0.000000] Console: colour VGA+ 80x25
[    0.000000] console [tty1] enabled
[    0.000000] console [ttyS0] enabled
[    0.000000] tsc: Detected 2599.998 MHz processor
[    1.942224] Calibrating delay loop (skipped) preset value.. 5199.99 BogoMIPS (lpj=10399992)
[    1.974597] pid_max: default: 32768 minimum: 301
[    1.975632] ACPI: Core revision 20150930
[    1.991651] ACPI: 2 ACPI AML tables successfully acquired and loaded
[    1.993119] Security Framework initialized
[    1.999709] Yama: becoming mindful.
[    2.000542] AppArmor: AppArmor initialized
[    2.001528] Dentry cache hash table entries: 131072 (order: 8, 1048576 bytes)
[    2.003152] Inode-cache hash table entries: 65536 (order: 7, 524288 bytes)
[    2.019633] Mount-cache hash table entries: 2048 (order: 2, 16384 bytes)
[    2.038844] Mountpoint-cache hash table entries: 2048 (order: 2, 16384 bytes)
[    2.040440] Initializing cgroup subsys io
[    2.041355] Initializing cgroup subsys memory
[    2.042343] Initializing cgroup subsys devices
[    2.107227] Initializing cgroup subsys freezer
[    2.119378] Initializing cgroup subsys net_cls
[    2.132920] Initializing cgroup subsys perf_event
[    2.133944] Initializing cgroup subsys net_prio
[    2.134935] Initializing cgroup subsys hugetlb
[    2.135939] Initializing cgroup subsys pids
[    2.162672] CPU: Physical Processor ID: 0
[    2.180585] CPU: Processor Core ID: 0
[    2.188789] mce: CPU supports 0 MCE banks
[    2.237068] Last level iTLB entries: 4KB 1024, 2MB 1024, 4MB 1024
[    2.311589] Last level dTLB entries: 4KB 1024, 2MB 1024, 4MB 1024, 1GB 4
[    2.389463] Freeing SMP alternatives memory: 32K (ffffffff820b9000 - ffffffff820c1000)
[    2.472159] ftrace: allocating 32123 entries in 126 pages
[    2.515612] smpboot: APIC(0) Converting physical 0 to logical package 0
[    2.525143] smpboot: Max logical packages: 1
[    2.532900] x2apic enabled
[    2.534561] Switched APIC routing to physical x2apic.
[    2.538323] ..TIMER: vector=0x30 apic1=0 pin1=2 apic2=-1 pin2=-1
[    2.655703] smpboot: CPU0: Intel(R) Core(TM) i5-4278U CPU @ 2.60GHz (family: 0x6, model: 0x45, stepping: 0x1)
[    2.727366] Performance Events: unsupported p6 CPU model 69 no PMU driver, software events only.
[    2.740591] KVM setup paravirtual spinlock
[    2.742322] x86: Booting SMP configuration:
[    2.743308] .... node  #0, CPUs:      #1
[    2.744310] kvm-clock: cpu 1, msr 0:3ffe3041, secondary cpu clock
[    2.774559] mce: CPU supports 0 MCE banks
[    2.788628] x86: Booted up 1 node, 2 CPUs
[    2.795166] smpboot: Total of 2 processors activated (10399.99 BogoMIPS)
[    2.807758] devtmpfs: initialized
[    2.844970] evm: security.selinux
[    2.891228] evm: security.SMACK64
[    2.912574] evm: security.SMACK64EXEC
[    2.913418] evm: security.SMACK64TRANSMUTE
[    2.917717] evm: security.SMACK64MMAP
[    2.927035] evm: security.ima
[    2.927765] evm: security.capability
[    2.928812] clocksource: jiffies: mask: 0xffffffff max_cycles: 0xffffffff, max_idle_ns: 7645041785100000 ns
[    2.960052] pinctrl core: initialized pinctrl subsystem
[    2.981343] RTC time:  3:27:32, date: 03/11/17
[    2.986644] NET: Registered protocol family 16
[    3.020027] cpuidle: using governor ladder
[    3.063897] cpuidle: using governor menu
[    3.107497] PCCT header not found.
[    3.108391] ACPI: bus type PCI registered
[    3.109296] acpiphp: ACPI Hot Plug PCI Controller Driver version: 0.5
[    3.110685] PCI: Using configuration type 1 for base access
[    3.125429] ACPI: Added _OSI(Module Device)
[    3.133170] ACPI: Added _OSI(Processor Device)
[    3.134329] ACPI: Added _OSI(3.0 _SCP Extensions)
[    3.135542] ACPI: Added _OSI(Processor Aggregator Device)
[    3.156678] ACPI: Executed 1 blocks of module-level executable AML code
[    3.163869] ACPI: Interpreter enabled
[    3.170287] ACPI: (supports S0 S5)
[    3.171323] ACPI: Using IOAPIC for interrupt routing
[    3.178116] PCI: Using host bridge windows from ACPI; if necessary, use "pci=nocrs" and report a bug
[    3.223635] ACPI: PCI Root Bridge [PCI0] (domain 0000 [bus 00-ff])
[    3.295283] acpi PNP0A03:00: _OSC: OS supports [ASPM ClockPM Segments MSI]
[    3.378163] acpi PNP0A03:00: _OSC failed (AE_NOT_FOUND); disabling ASPM
[    3.445406] acpi PNP0A03:00: fail to add MMCONFIG information, can't access extended PCI configuration space under this bridge.
[    3.582407] PCI host bridge to bus 0000:00
[    3.639090] pci_bus 0000:00: root bus resource [io  0x0000-0x0cf7 window]
[    3.690498] pci_bus 0000:00: root bus resource [io  0x0d00-0xffff window]
[    3.733831] pci_bus 0000:00: root bus resource [mem 0x000a0000-0x000bffff window]
[    3.783022] pci_bus 0000:00: root bus resource [mem 0x40000000-0xffdfffff window]
[    3.867187] pci_bus 0000:00: root bus resource [bus 00-ff]
[    3.909566] pci 0000:00:01.1: legacy IDE quirk: reg 0x10: [io  0x01f0-0x01f7]
[    3.935243] pci 0000:00:01.1: legacy IDE quirk: reg 0x14: [io  0x03f6]
[    3.960578] pci 0000:00:01.1: legacy IDE quirk: reg 0x18: [io  0x0170-0x0177]
[    3.962003] pci 0000:00:01.1: legacy IDE quirk: reg 0x1c: [io  0x0376]
[    3.979736] pci 0000:00:07.0: quirk: [io  0x4000-0x403f] claimed by PIIX4 ACPI
[    4.020698] pci 0000:00:07.0: quirk: [io  0x4100-0x410f] claimed by PIIX4 SMB
[    4.070524] ACPI: PCI Interrupt Link [LNKA] (IRQs 5 9 10 *11)
[    4.091130] ACPI: PCI Interrupt Link [LNKB] (IRQs 5 9 10 *11)
[    4.151122] ACPI: PCI Interrupt Link [LNKC] (IRQs 5 9 *10 11)
[    4.161384] ACPI: PCI Interrupt Link [LNKD] (IRQs 5 *9 10 11)
[    4.201427] ACPI: Enabled 2 GPEs in block 00 to 07
[    4.213334] vgaarb: setting as boot device: PCI:0000:00:02.0
[    4.282476] vgaarb: device added: PCI:0000:00:02.0,decodes=io+mem,owns=io+mem,locks=none
[    4.379107] vgaarb: loaded
[    4.383338] vgaarb: bridge control possible 0000:00:02.0
[    4.451814] SCSI subsystem initialized
[    4.491983] ACPI: bus type USB registered
[    4.528132] usbcore: registered new interface driver usbfs
[    4.568541] usbcore: registered new interface driver hub
[    4.569855] usbcore: registered new device driver usb
[    4.619537] PCI: Using ACPI for IRQ routing
[    4.662002] NetLabel: Initializing
[    4.701813] NetLabel:  domain hash size = 128
[    4.746977] NetLabel:  protocols = UNLABELED CIPSOv4
[    4.806577] NetLabel:  unlabeled traffic allowed by default
[    4.844536] amd_nb: Cannot enumerate AMD northbridges
[    4.895636] clocksource: Switched to clocksource kvm-clock
[    4.984340] AppArmor: AppArmor Filesystem Enabled
[    5.082028] pnp: PnP ACPI init
[    5.110344] pnp: PnP ACPI: found 3 devices
[    5.204912] clocksource: acpi_pm: mask: 0xffffff max_cycles: 0xffffff, max_idle_ns: 2085701024 ns
[    5.367114] NET: Registered protocol family 2
[    5.470069] TCP established hash table entries: 8192 (order: 4, 65536 bytes)
[    5.589230] TCP bind hash table entries: 8192 (order: 5, 131072 bytes)
[    5.633662] TCP: Hash tables configured (established 8192 bind 8192)
[    5.635168] UDP hash table entries: 512 (order: 2, 16384 bytes)
[    5.636605] UDP-Lite hash table entries: 512 (order: 2, 16384 bytes)
[    5.673018] NET: Registered protocol family 1
[    5.766910] pci 0000:00:00.0: Limiting direct PCI/PCI transfers
[    5.875394] pci 0000:00:01.0: Activating ISA DMA hang workarounds
[    5.941074] Trying to unpack rootfs image as initramfs...
[    7.628875] Freeing initrd memory: 10832K (ffff880036ac8000 - ffff88003755c000)
[    7.716441] RAPL PMU detected, API unit is 2^-32 Joules, 4 fixed counters 10737418240 ms ovfl timer
[    7.837060] hw unit of domain pp0-core 2^-0 Joules
[    7.884350] hw unit of domain package 2^-0 Joules
[    7.903321] hw unit of domain dram 2^-0 Joules
[    7.910574] hw unit of domain pp1-gpu 2^-0 Joules
[    7.911893] platform rtc_cmos: registered platform RTC device (no PNP device found)
[    8.030124] Scanning for low memory corruption every 60 seconds
[    8.084982] futex hash table entries: 512 (order: 3, 32768 bytes)
[    8.133703] audit: initializing netlink subsys (disabled)
[    8.135265] audit: type=2000 audit(1489202857.648:1): initialized
[    8.138164] Initialise system trusted keyring
[    8.154960] HugeTLB registered 2 MB page size, pre-allocated 0 pages
[    8.171040] zbud: loaded
[    8.172733] VFS: Disk quotas dquot_6.6.0
[    8.180630] VFS: Dquot-cache hash table entries: 512 (order 0, 4096 bytes)
[    8.188676] squashfs: version 4.0 (2009/01/31) Phillip Lougher
[    8.196489] fuse init (API version 7.23)
[    8.202672] Key type big_key registered
[    8.206790] Allocating IMA MOK and blacklist keyrings.
[    8.214578] Key type asymmetric registered
[    8.219611] Asymmetric key parser 'x509' registered
[    8.232923] Block layer SCSI generic (bsg) driver version 0.4 loaded (major 249)
[    8.283427] io scheduler noop registered
[    8.332053] io scheduler deadline registered (default)
[    8.343946] io scheduler cfq registered
[    8.344932] pci_hotplug: PCI Hot Plug PCI Core version: 0.5
[    8.346661] pciehp: PCI Express Hot Plug Controller Driver version: 0.4
[    8.374972] ACPI: AC Adapter [AC] (off-line)
[    8.447264] input: Power Button as /devices/LNXSYSTM:00/LNXPWRBN:00/input/input0
[    8.537548] ACPI: Power Button [PWRF]
[    8.573392] input: Sleep Button as /devices/LNXSYSTM:00/LNXSLPBN:00/input/input1
[    8.585032] ACPI: Sleep Button [SLPF]
[    8.608593] ACPI: Battery Slot [BAT0] (battery present)
[    8.714224] GHES: HEST is not enabled!
[    8.776704] Serial: 8250/16550 driver, 32 ports, IRQ sharing enabled
[    8.903113] 00:02: ttyS0 at I/O 0x3f8 (irq = 4, base_baud = 115200) is a 16550A
[    8.912406] tsc: Refined TSC clocksource calibration: 2599.623 MHz
[    8.912409] clocksource: tsc: mask: 0xffffffffffffffff max_cycles: 0x2578d7f6b59, max_idle_ns: 440795231164 ns
[    9.000623] Linux agpgart interface v0.103
[    9.005941] brd: module loaded
[    9.016966] loop: module loaded
[    9.028447] scsi host0: ata_piix
[    9.032500] scsi host1: ata_piix
[    9.033324] ata1: PATA max UDMA/33 cmd 0x1f0 ctl 0x3f6 bmdma 0xd000 irq 14
[    9.034706] ata2: PATA max UDMA/33 cmd 0x170 ctl 0x376 bmdma 0xd008 irq 15
[    9.036241] libphy: Fixed MDIO Bus: probed
[    9.043403] tun: Universal TUN/TAP device driver, 1.6
[    9.044506] tun: (C) 1999-2004 Max Krasnyansky <maxk@qualcomm.com>
[    9.045832] PPP generic driver version 2.4.2
[    9.049709] ehci_hcd: USB 2.0 'Enhanced' Host Controller (EHCI) Driver
[    9.051057] ehci-pci: EHCI PCI platform driver
[    9.052088] ehci-platform: EHCI generic platform driver
[    9.053228] ohci_hcd: USB 1.1 'Open' Host Controller (OHCI) Driver
[    9.054507] ohci-pci: OHCI PCI platform driver
[    9.055504] ohci-platform: OHCI generic platform driver
[    9.056690] uhci_hcd: USB Universal Host Controller Interface driver
[    9.058043] i8042: PNP: PS/2 Controller [PNP0303:PS2K,PNP0f03:PS2M] at 0x60,0x64 irq 1,12
[    9.060317] serio: i8042 KBD port at 0x60,0x64 irq 1
[    9.063640] serio: i8042 AUX port at 0x60,0x64 irq 12
[    9.064873] mousedev: PS/2 mouse device common for all mice
[    9.066653] rtc_cmos rtc_cmos: rtc core: registered rtc_cmos as rtc0
[    9.068057] input: AT Translated Set 2 keyboard as /devices/platform/i8042/serio0/input/input2
[    9.070220] rtc_cmos rtc_cmos: alarms up to one day, 114 bytes nvram
[    9.077491] i2c /dev entries driver
[    9.078380] device-mapper: uevent: version 1.0.3
[    9.079493] device-mapper: ioctl: 4.34.0-ioctl (2015-10-28) initialised: dm-devel@redhat.com
[    9.081440] ledtrig-cpu: registered to indicate activity on CPUs
[    9.084408] NET: Registered protocol family 10
[    9.095372] NET: Registered protocol family 17
[    9.096432] Key type dns_resolver registered
[    9.097571] microcode: CPU0 sig=0x40651, pf=0x40, revision=0x0
[    9.098885] microcode: CPU1 sig=0x40651, pf=0x40, revision=0x0
[    9.100145] microcode: Microcode Update Driver: v2.01 <tigran@aivazian.fsnet.co.uk>, Peter Oruba
[    9.102138] registered taskstats version 1
[    9.113135] Loading compiled-in X.509 certificates
[    9.114820] Loaded X.509 cert 'Build time autogenerated kernel key: 32ca4feee90b5cde51f5f8c0e024b22f8c679982'
[    9.118132] zswap: loaded using pool lzo/zbud
[    9.120794] Key type trusted registered
[    9.126548] Key type encrypted registered
[    9.135159] AppArmor: AppArmor sha1 policy hashing enabled
[    9.145149] ima: No TPM chip found, activating TPM-bypass!
[    9.146334] evm: HMAC attrs: 0x1
[    9.147446]   Magic number: 9:49:462
[    9.148450] rtc_cmos rtc_cmos: setting system clock to 2017-03-11 03:27:38 UTC (1489202858)
[    9.150405] BIOS EDD facility v0.16 2004-Jun-25, 0 devices found
[    9.151697] EDD information not available.
[    9.193302] Freeing unused kernel memory: 1488K (ffffffff81f45000 - ffffffff820b9000)
[    9.207312] Write protecting the kernel read-only data: 14336k
[    9.212281] Freeing unused kernel memory: 1776K (ffff880001844000 - ffff880001a00000)
[    9.215830] Freeing unused kernel memory: 116K (ffff880001de3000 - ffff880001e00000)
Loading, please wait...
starting version[    9.235609] random: systemd-udevd: uninitialized urandom read (16 bytes read, 2 bits of entropy available)
 229
[    9.236466] random: udevadm: uninitialized urandom read (16 bytes read, 2 bits of entropy available)
[    9.236509] random: udevadm: uninitialized urandom read (16 bytes read, 2 bits of entropy available)
[    9.236647] random: udevadm: uninitialized urandom read (16 bytes read, 2 bits of entropy available)
[    9.236699] random: udevadm: uninitialized urandom read (16 bytes read, 2 bits of entropy available)
[    9.236747] random: udevadm: uninitialized urandom read (16 bytes read, 2 bits of entropy available)
[    9.236797] random: udevadm: uninitialized urandom read (16 bytes read, 2 bits of entropy available)
[    9.236843] random: udevadm: uninitialized urandom read (16 bytes read, 2 bits of entropy available)
[    9.236888] random: udevadm: uninitialized urandom read (16 bytes read, 2 bits of entropy available)
[    9.236933] random: udevadm: uninitialized urandom read (16 bytes read, 2 bits of entropy available)
[    9.511810] Fusion MPT base driver 3.04.20
[    9.540845] Copyright (c) 1999-2008 LSI Corporation
[    9.553431] e1000: Intel(R) PRO/1000 Network Driver - version 7.3.21-k8-NAPI
[    9.584857] e1000: Copyright (c) 1999-2006 Intel Corporation.
[    9.613752] Fusion MPT SPI Host driver 3.04.20
[    9.638468] AVX version of gcm_enc/dec engaged.
[    9.672802] AES CTR mode by8 optimization enabled
[    9.835224] input: ImExPS/2 Generic Explorer Mouse as /devices/platform/i8042/serio1/input/input4
[   10.011967] e1000 0000:00:03.0 eth0: (PCI:33MHz:32-bit) 02:43:fc:58:af:9d
[   10.096566] e1000 0000:00:03.0 eth0: Intel(R) PRO/1000 Network Connection
[   10.124813] mptbase: ioc0: Initiating bringup
[   10.253130] ioc0: LSI53C1030 A0: Capabilities={Initiator}
[   10.517788] scsi host2: ioc0: LSI53C1030 A0, FwRev=00000000h, Ports=1, MaxQ=256, IRQ=20
[   10.693062] scsi 2:0:0:0: Direct-Access     VBOX     HARDDISK         1.0  PQ: 0 ANSI: 5
[   10.724751] scsi target2:0:0: Beginning Domain Validation
[   10.742145] scsi target2:0:0: Domain Validation skipping write tests
[   10.743577] scsi target2:0:0: Ending Domain Validation
[   10.759899] scsi target2:0:0: asynchronous
[   10.763899] scsi 2:0:1:0: Direct-Access     VBOX     HARDDISK         1.0  PQ: 0 ANSI: 5
[   10.769067] scsi target2:0:1: Beginning Domain Validation
[   10.772239] scsi target2:0:1: Domain Validation skipping write tests
[   10.786831] scsi target2:0:1: Ending Domain Validation
[   10.789391] scsi target2:0:1: asynchronous
[   10.889602] sd 2:0:0:0: Attached scsi generic sg0 type 0
[   10.891952] sd 2:0:0:0: [sda] 20971520 512-byte logical blocks: (10.7 GB/10.0 GiB)
[   10.894316] sd 2:0:0:0: [sda] Write Protect is off
[   10.895498] sd 2:0:1:0: [sdb] 20480 512-byte logical blocks: (10.5 MB/10.0 MiB)
[   10.898476] sd 2:0:1:0: Attached scsi generic sg1 type 0
[   10.902083] sd 2:0:1:0: [sdb] Write Protect is off
[   10.904105] sd 2:0:1:0: [sdb] Incomplete mode parameter data
[   10.907544] sd 2:0:1:0: [sdb] Assuming drive cache: write through
[   10.917883] sd 2:0:0:0: [sda] Incomplete mode parameter data
[   10.921366] sd 2:0:0:0: [sda] Assuming drive cache: write through
[   10.934484]  sda: sda1
[   10.936664] sd 2:0:0:0: [sda] Attached SCSI disk
[   10.948597] sd 2:0:1:0: [sdb] Attached SCSI disk
[   11.104152] e1000 0000:00:08.0 eth1: (PCI:33MHz:32-bit) 08:00:27:5b:30:df
[   11.132805] e1000 0000:00:08.0 eth1: Intel(R) PRO/1000 Network Connection
[   11.179575] e1000 0000:00:08.0 enp0s8: renamed from eth1
[   11.228366] e1000 0000:00:03.0 enp0s3: renamed from eth0
[   12.608212] floppy0: no floppy controllers found
Begin: Loading e[   13.973764] md: linear personality registered for level -1
ssential drivers[   14.048156] md: multipath personality registered for level -4
 ... [   14.163654] md: raid0 personality registered for level 0
[   14.240286] md: raid1 personality registered for level 1
[   14.407652] raid6: sse2x1   gen()  8950 MB/s
[   14.547665] raid6: sse2x1   xor()  7275 MB/s
[   14.683895] raid6: sse2x2   gen() 11880 MB/s
[   14.783827] raid6: sse2x2   xor()  8109 MB/s
[   14.860140] raid6: sse2x4   gen() 13180 MB/s
[   14.927875] raid6: sse2x4   xor()  8877 MB/s
[   14.985735] raid6: using algorithm sse2x4 gen() 13180 MB/s
[   14.996567] raid6: .... xor() 8877 MB/s, rmw enabled
[   15.000819] raid6: using ssse3x2 recovery algorithm
[   15.003234] xor: automatically using best checksumming function:
[   15.092206]    avx       : 24553.000 MB/sec
[   15.109699] async_tx: api initialized (async)
[   15.118034] md: raid6 personality registered for level 6
[   15.154537] md: raid5 personality registered for level 5
[   15.155881] md: raid4 personality registered for level 4
[   15.163497] md: raid10 personality registered for level 10
done.
Begin: Running /scripts/init-premount ... done.
Begin: Mounting root file syst[   15.200055] Btrfs loaded
em ... Begin: Running /scripts/local-top ... done.
Begin: Running /scripts/local-premount ... Scanning for Btrfs filesystems
done.
Warning: fsck no[   15.300470] EXT4-fs (sda1): mounted filesystem with ordered data mode. Opts: (null)
t present, so skipping root file system
done.
Begin: Running /scripts/local-bottom ... done.
Begin: Running /scripts/init-bottom ... done.
[   15.461507] systemd[1]: systemd 229 running in system mode. (+PAM +AUDIT +SELINUX +IMA +APPARMOR +SMACK +SYSVINIT +UTMP +LIBCRYPTSETUP +GCRYPT +GNUTLS +ACL +XZ -LZ4 +SECCOMP +BLKID +ELFUTILS +KMOD -IDN)
[   15.480679] systemd[1]: Detected virtualization oracle.
[   15.505245] systemd[1]: Detected architecture x86-64.

Welcome to [1mUbuntu 16.04.2 LTS[0m!

[   15.568282] systemd[1]: Set hostname to <ubuntu>.
[   15.583161] systemd[1]: Initializing machine ID from random generator.
[   15.601302] systemd[1]: Installed transient /etc/machine-id file.
[   15.710941] systemd[1]: Listening on /dev/initctl Compatibility Named Pipe.
[[0;32m  OK  [0m] Listening on /dev/initctl Compatibility Named Pipe.
[   15.933251] systemd[1]: Created slice System Slice.
[[0;32m  OK  [0m] Created slice System Slice.
[   16.024048] systemd[1]: Listening on LVM2 metadata daemon socket.
[[0;32m  OK  [0m] Listening on LVM2 metadata daemon socket.
[   16.111337] systemd[1]: Listening on udev Control Socket.
[[0;32m  OK  [0m] Listening on udev Control Socket.
[   16.114021] systemd[1]: Listening on LVM2 poll daemon socket.
[[0;32m  OK  [0m] Listening on LVM2 poll daemon socket.
[   16.256297] systemd[1]: Listening on Syslog Socket.
[[0;32m  OK  [0m] Listening on Syslog Socket.
[   16.376053] systemd[1]: Listening on udev Kernel Socket.
[[0;32m  OK  [0m] Listening on udev Kernel Socket.
[   16.476366] systemd[1]: Set up automount Arbitrary Executable File Formats File System Automount Point.
[[0;32m  OK  [0m] Set up automount Arbitrary Executab...ats File System Automount Point.
[   16.672173] systemd[1]: Listening on Journal Socket.
[[0;32m  OK  [0m] Listening on Journal Socket.
[   16.816507] systemd[1]: Starting Nameserver information manager...
         Starting Nameserver information manager...
[   16.936321] systemd[1]: Starting Load Kernel Modules...
         Starting Load Ke[   16.983971] Loading iSCSI transport class v2.0-870.
rnel Modules...
[   17.099026] systemd[1]: Starting Set console keymap...
         Starting Set console keymap...
[   17.190810] iscsi: registered transport (tcp)
[   17.199553] systemd[1]: Mounting Huge Pages File System...
         Mounting Huge Pages File System...
[   17.226833] systemd[1]: Starting Create list of required static device nodes for the current kernel...
         Starting Create list of required st... nodes for the current kernel...
[   17.282581] iscsi: registered transport (iser)
[   17.292169] systemd[1]: Mounting Debug File System...
         Mounting Debug File System...
[   17.313930] systemd[1]: Created slice system-serial\x2dgetty.slice.
[[0;32m  OK  [0m] Created slice system-serial\x2dgetty.slice.
[   17.359828] systemd[1]: Reached target Encrypted Volumes.
[[0;32m  OK  [0m] Reached target Encrypted Volumes.
[   17.384203] systemd[1]: Reached target Swap.
[[0;32m  OK  [0m] Reached target Swap.
[   17.456710] systemd[1]: Created slice User and Session Slice.
[[0;32m  OK  [0m] Created slice User and Session Slice.
[   17.592334] systemd[1]: Reached target Slices.
[[0;32m  OK  [0m] Reached target Slices.
[   17.617528] systemd[1]: Listening on Journal Socket (/dev/log).
[[0;32m  OK  [0m] Listening on Journal Socket (/dev/log).
[   17.675193] systemd[1]: Starting Uncomplicated firewall...
         Starting Uncomplicated firewall...
[   17.724207] systemd[1]: Reached target User and Group Name Lookups.
[[0;32m  OK  [0m] Reached target User and Group Name Lookups.
[   17.788320] systemd[1]: Started Forward Password Requests to Wall Directory Watch.
[[0;32m  OK  [0m] Started Forward Password Requests to Wall Directory Watch.
[   17.852195] systemd[1]: Mounting POSIX Message Queue File System...
         Mounting POSIX Message Queue File System...
[   17.924304] systemd[1]: Listening on Device-mapper event daemon FIFOs.
[[0;32m  OK  [0m] Listening on Device-mapper event daemon FIFOs.
[   18.120381] systemd[1]: Starting Monitoring of LVM2 mirrors, snapshots etc. using dmeventd or progress polling...
[   18.245945] random: nonblocking pool is initialized
         Starting Monitoring of LVM2 mirrors... dmeventd or progress polling...
[   18.364091] systemd[1]: Listening on Journal Audit Socket.
[[0;32m  OK  [0m] Listening on Journal Audit Socket.
[   18.504370] systemd[1]: Starting Journal Service...
         Starting Journal Service...
[   18.611976] systemd[1]: Starting Remount Root and Kernel File Systems...
         [   18.719196] EXT4-fs (sda1): re-mounted. Opts: (null)
Starting Remount Root and Kernel File Systems...
[   18.829378] systemd[1]: Mounted Debug File System.
[[0;32m  OK  [0m] Mounted Debug File System.
[   18.872513] systemd[1]: Mounted POSIX Message Queue File System.
[[0;32m  OK  [0m] Mounted POSIX Message Queue File System.
[   18.960289] systemd[1]: Mounted Huge Pages File System.
[[0;32m  OK  [0m] Mounted Huge Pages File System.
[   19.076516] systemd[1]: Started Journal Service.
[[0;32m  OK  [0m] Started Journal Service.
[[0;32m  OK  [0m] Started Load Kernel Modules.
[[0;32m  OK  [0m] Started Set console keymap.
[[0;32m  OK  [0m] Started Create list of required sta...ce nodes for the current kernel.
[[0;32m  OK  [0m] Started Uncomplicated firewall.
[[0;32m  OK  [0m] Started Remount Root and Kernel File Systems.
[[0;32m  OK  [0m] Started Nameserver information manager.
[[0;32m  OK  [0m] Started LVM2 metadata daemon.
         Starting udev Coldplug all Devices...
         Starting Load/Save Random Seed...
         Starting Initial cloud-init job (pre-networking)...
         Starting Create Static Device Nodes in /dev...
         Mounting FUSE Control File System...
         Starting Apply Kernel Variables...
         Starting Flush Journal to Persistent Storage...
[[0;32m  OK  [0m] Mounted FUSE Control File System.
[[0;32m  OK  [0m] Started Monitoring of LVM2 mirrors,...ng dmeventd or progress polling.
[[0;32m  OK  [0m] Started Load/Save Random Seed.
[[0;32m  OK  [0m] Started Create Static Device Nodes in /dev.
[[0;32m  OK  [0m] Started Apply Kernel Variables.
[[0;32m  OK  [0m] Started udev Coldplug all Devices.
[[0;32m  OK  [0m] Started Flush Journal to Persistent Storage.
         Starting udev Kernel Device Manager...
[[0;32m  OK  [0m] Started udev Kernel Device Manager.
[[0;32m  OK  [0m] Started Dispatch Password Requests to Console Directory Watch.
[[0;32m  OK  [0m] Reached target Local File Systems (Pre).
[[0;32m  OK  [0m] Reached target Local File Systems.
         Starting Set console font and keymap...
         Starting LSB: AppArmor initialization...
         Starting Commit a transient machine-id on disk...
         Starting Tell Plymouth To Write Out Runtime Data...
         Starting Create Volatile Files and Directories...
[[0;32m  OK  [0m] Started Commit a transient machine-id on disk.
[[0;32m  OK  [0m] Started Tell Plymouth To Write Out Runtime Data.
[[0;32m  OK  [0m] Started Create Volatile Files and Directories.
[[0;32m  OK  [0m] Found device /dev/ttyS0.
         Starting Update UTMP about System Boot/Shutdown...
[[0;32m  OK  [0m] Reached target System Time Synchronized.
[   16.339000] cloud-init[482]: Cloud-init v. 0.7.9 running 'init-local' at Sat, 11 Mar 2017 03:27:49 +0000. Up 15.78 seconds.
[[0;32m  OK  [0m] Started Update UTMP about System Boot/Shutdown.
[[0;32m  OK  [0m] Started Initial cloud-init job (pre-networking).
[[0;1;31mFAILED[0m] Failed to start Set console font and keymap.
See 'systemctl status console-setup.service' for details.
[[0;32m  OK  [0m] Started LSB: AppArmor initialization.
[[0;32m  OK  [0m] Listening on Load/Save RF Kill Switch Status /dev/rfkill Watch.
[[0;32m  OK  [0m] Created slice system-getty.slice.
[[0;32m  OK  [0m] Reached target Network (Pre).
         Starting Raise network interfaces...
[[0;32m  OK  [0m] Started Raise network interfaces.
[[0;32m  OK  [0m] Reached target Network.
         Starting Initial cloud-init job (metadata service crawler)...
[   19.867391] cloud-init[1039]: Cloud-init v. 0.7.9 running 'init' at Sat, 11 Mar 2017 03:27:53 +0000. Up 19.32 seconds.
[[   19.938836] cloud-init[1039]: ci-info: ++++++++++++++++++++++++++++++++++++++Net device info++++++++++++++++++++++++++++++++++++++
[   19.939226] cloud-init[1039]: ci-info: +--------+-------+----------------------------+---------------+-------+-------------------+
[0;32m  OK  [0m] Started Initial cloud-init job (metadata service crawler).
[   19.939422] cloud-init[1039]: ci-info: | Device |   Up  |          Address           |      Mask     | Scope |     Hw-Address    |
[   20.211686] cloud-init[1039]: ci-info: +--------+-------+----------------------------+---------------+-------+-------------------+
[   20.211995] cloud-init[1039]: ci-info: | enp0s3 |  True |         10.0.2.15          | 255.255.255.0 |   .   | 02:43:fc:58:af:9d |
[[0;32m  OK  [0m] Reached target Cloud-config availability.
[[   20.212268] cloud-init[1039]: ci-info: | enp0s3 |  True | fe80::43:fcff:fe58:af9d/64 |       .       |  link | 02:43:fc:58:af:9d |
[   20.271664] cloud-init[1039]: ci-info: | enp0s8 | False |             .              |       .       |   .   | 08:00:27:5b:30:df |
[   20.271828] cloud-init[1039]: ci-info: |   lo   |  True |         127.0.0.1          |   255.0.0.0   |   .   |         .         |
[   20.272135] cloud-init[1039]: ci-info: |   lo   |  True |          ::1/128           |       .       |  host |         .         |
[0;32m  OK  [0m] Reached target System Initialization.
[[   20.272280] cloud-init[1039]: ci-info: +--------+-------+----------------------------+---------------+-------+-------------------+
[   20.633731] cloud-init[1039]: ci-info: +++++++++++++++++++++++++++Route IPv4 info++++++++++++++++++++++++++++
[0;32m  OK  [0m] Started Daily Cleanup of Temporary Directories.
[   20.633870] cloud-init[1039]: ci-info: +-------+-------------+----------+---------------+-----------+-------+
[   20.888552] cloud-init[1039]: ci-info: | Route | Destination | Gateway  |    Genmask    | Interface | Flags |
[   20.888864] cloud-init[1039]: ci-info: +-------+-------------+----------+---------------+-----------+-------+
         Starting LXD - unix socket.
[   20.889106] cloud-init[1039]: ci-info: |   0   |   0.0.0.0   | 10.0.2.2 |    0.0.0.0    |   enp0s3  |   UG  |
[   21.116542] cloud-init[1039]: ci-info: |   1   |   10.0.2.0  | 0.0.0.0  | 255.255.255.0 |   enp0s3  |   U   |
[   21.116864] cloud-init[1039]: ci-info: +-------+-------------+----------+---------------+-----------+-------+
[[0;32m  OK  [0m] Started Daily apt activities.
[   21.117106] cloud-init[1039]: Generating public/private rsa key pair.
[   21.278517] cloud-init[1039]: Your identification has been saved in /etc/ssh/ssh_host_rsa_key.
[   21.278828] cloud-init[1039]: Your public key has been saved in /etc/ssh/ssh_host_rsa_key.pub.
         Starting Socket activation for snappy daemon.
[[   21.279044] cloud-init[1039]: The key fingerprint is:
[   21.441057] cloud-init[1039]: SHA256:1B63wqWujBrMzO+hRqKwBohh7Gj0oTPfgIuqO5gUyNU root@ubuntu-xenial
[   21.441237] cloud-init[1039]: The key's randomart image is:
[0;32m  OK  [0m] Listening on UUID daemon activation socket.
[   21.441962] cloud-init[1039]: +---[RSA 2048]----+
[   21.632926] cloud-init[1039]: |    .            |
[   21.633471] cloud-init[1039]: |   . E   .       |
[[0;32m  OK  [0m] Started ACPI Events Check.
[[   21.633840] cloud-init[1039]: |+ .     . o o    |
[   21.705653] cloud-init[1039]: |o* .   . o = .   |
[0;32m  OK  [0m] Started Timer to automatically refresh installed snaps.
[[   21.705788] cloud-init[1039]: |B.= .   S = .    |
[   21.825726] cloud-init[1039]: |*O.B.    . .     |
[   21.826012] cloud-init[1039]: |B+=oO .   .      |
[0;32m  OK  [0m] Reached target Timers.
[[   21.826267] cloud-init[1039]: |Bo ..= + .       |
[   21.885058] cloud-init[1039]: |Bo .oo+ o        |
[0;32m  OK  [0m] Listening on ACPID Listen Socket.
[[   21.885229] cloud-init[1039]: +----[SHA256]-----+
[   21.917429] cloud-init[1039]: Generating public/private dsa key pair.
[   21.917565] cloud-init[1039]: Your identification has been saved in /etc/ssh/ssh_host_dsa_key.
[   21.917748] cloud-init[1039]: Your public key has been saved in /etc/ssh/ssh_host_dsa_key.pub.
[0;32m  OK  [0m] Listening on D-Bus System Message Bus Socket.
[[   21.918146] cloud-init[1039]: The key fingerprint is:
[   22.101728] cloud-init[1039]: SHA256:rmwQdSWdxDV1cgLb78nVAhsZsU52yOveeJG7k07ixLg root@ubuntu-xenial
[   22.102014] cloud-init[1039]: The key's randomart image is:
[0;32m  OK  [0m] Started Trigger resolvconf update for networkd DNS.
[[   22.103115] cloud-init[1039]: +---[DSA 1024]----+
[   22.257334] cloud-init[1039]: |        .=oo*++ o|
[   22.257509] cloud-init[1039]: |      . ..+. O = |
[0;32m  OK  [0m] Reached target Paths.
[[   22.258292] cloud-init[1039]: |     . .    @ o  |
[   22.349371] cloud-init[1039]: |    .      + * ..|
[0;32m  OK  [0m] Reached target Network is Online.
[   22.349445] cloud-init[1039]: |     .  S   + ..+|
[   22.480664] cloud-init[1039]: |    .  .   +  +oo|
[   22.481151] cloud-init[1039]: |     .  . . = .*.|
         Starting iSCSI initiator daemon (iscsid)...
[   22.481389] cloud-init[1039]: |     ...   = ==  |
[   22.636492] cloud-init[1039]: |     .o   E +o+o |
[   22.636828] cloud-init[1039]: +----[SHA256]-----+
[[0;32m  OK  [0m] Listening on LXD - unix socket.
[[   22.636971] cloud-init[1039]: Generating public/private ecdsa key pair.
[   22.734900] cloud-init[1039]: Your identification has been saved in /etc/ssh/ssh_host_ecdsa_key.
[   22.735081] cloud-init[1039]: Your public key has been saved in /etc/ssh/ssh_host_ecdsa_key.pub.
[   22.735564] cloud-init[1039]: The key fingerprint is:
[   22.735774] cloud-init[1039]: SHA256:7D/e4JK9o12jYPfYBvWwNpTKMzqFO1V3U4nVDcVvaS4 root@ubuntu-xenial
[0;32m  OK  [0m] Listening on Socket activation for snappy daemon.
[   22.736729] cloud-init[1039]: The key's randomart image is:
[   22.820530] cloud-init[1039]: +---[ECDSA 256]---+
[   22.840454] cloud-init[1039]: |              +==|
[   22.840819] cloud-init[1039]: |             . .=|
[[0;32m  OK  [0m] Started iSCSI initiator daemon (iscsid).
[   22.840995] cloud-init[1039]: |             .  +|
[   22.968818] cloud-init[1039]: |       .    * .++|
[   22.984780] cloud-init[1039]: |        So = =oo.|
[   22.998451] cloud-init[1039]: |       .. O +E.. |
         Starting Login to default iSCSI targets...
[[0;32m  OK  [0m] Reached target Sockets.
[[0;32m  OK  [0m] Reached target Basic System.
[   23.011034] cloud-init[1039]: |        +Bo=o..  |
[   23.072541] cloud-init[1039]: |       .B*+O..   |
[   23.113376] cloud-init[1039]: |        .*O=+    |
[   23.148483] cloud-init[1039]: +----[SHA256]-----+
         Starting /etc/rc.local Compatibility...
[   23.192035] cloud-init[1039]: Generating public/private ed25519 key pair.
[   23.272901] cloud-init[1039]: Your identification has been saved in /etc/ssh/ssh_host_ed25519_key.
[   23.324473] cloud-init[1039]: Your public key has been saved in /etc/ssh/ssh_host_ed25519_key.pub.
[[0;32m  OK  [0m] Started Deferred execution scheduler.
[   23.375335] cloud-init[1039]: The key fingerprint is:
[   23.416487] cloud-init[1039]: SHA256:ZJQsXFeukPpVW2Jw7hDQhcizJwGgTwzjqB38T/OEgzI root@ubuntu-xenial
[   23.458352] cloud-init[1039]: The key's randomart image is:
[   23.484430] cloud-init[1039]: +--[ED25519 256]--+
[[0;32m  OK  [0m] Started Regular background program processing daemon.
[   23.507702] cloud-init[1039]: |  o .o.=+=+++    |
[   23.572225] [cloud-init[0;32m  OK  [0m[1039]: ] | + =  o.Boo*     |Started Snappy daemon.

[   23.572766] cloud-init[1039]: |. = o  .=+. * .  |
[   23.684419] [cloud-init[0;32m  OK  [0m[1039]: ] |.. = . =o..* +   |Started ACPI event daemon.

[   23.684942] cloud-init[1039]: |. E + * Soo o    |
[   23.750615] [cloud-init[0;32m  OK  [0m[1039]: ] |   o o * .       |Started FUSE filesystem for LXC.

[   23.751132] cloud-init[1039]: |      . o        |
[   23.820595]          cloud-initStarting Apply the settings specified in cloud-config...[1039]: 
|                 |
         Starting Accounts Service...
[   23.890759] cloud-init[1039]: |                 |
[   23.956970]          cloud-initStarting LSB: Record successful boot for GRUB...[1039]: 
+----[SHA256]-----+
         Starting System Logging Service...
         Starting Pollinate to seed the pseudo random number generator...
[[0;32m  OK  [0m] Started D-Bus System Message Bus.
         Starting Login Service...
         Starting LSB: MD monitoring daemon...
         Starting Auto import assertions from block devices...
         Starting LXD - container startup/shutdown...
[[0;32m  OK  [0m] Started System Logging Service.
[[0;32m  OK  [0m] Started /etc/rc.local Compatibility.
[[0;32m  OK  [0m] Started Auto import assertions from block devices.
[[0;32m  OK  [0m] Started LXD - container startup/shutdown.
[[0;32m  OK  [0m] Started Login to default iSCSI targets.
[[0;32m  OK  [0m] Started LSB: Record successful boot for GRUB.
[[0;32m  OK  [0m] Started LSB: MD monitoring daemon.
[   24.658507] cloud-init[1155]: Generating locales (this might take a while)...
         Starting Authenticate and Authorize Users to Run Privileged Tasks...
[[0;32m  OK  [0m] Reached target Remote File Systems (Pre).
[[0;32m  OK  [0m] Reached target Remote File Systems.
         Starting Permit User Sessions...
         Starting LSB: VirtualBox Linux Additions...
         Starting LSB: Set the CPU Frequency Scaling governor to "ondemand"...
         Starting LSB: automatic crash report generation...
         Starting LSB: daemon to balance interrupts for SMP systems...
[[0;32m  OK  [0m] Started Permit User Sessions.
[[0;32m  OK  [0m] Started Login Service.
[[0;32m  OK  [0m] Started Authenticate and Authorize Users to Run Privileged Tasks.
[[0;32m  OK  [0m] Started Accounts Service.
[[0;32m  OK  [0m] Started LSB: Set the CPU Frequency Scaling governor to "ondemand".
         Starting Hold until boot process finishes up...
         Starting Terminate Plymouth Boot Screen...
[[0;32m  OK  [0m] Started LSB: VirtualBox Linux Additions.
[[0;32m  OK  [0m] Started LSB: automatic crash report generation.
[[0;32m  OK  [0m] Started LSB: daemon to balance interrupts for SMP systems.
[[0;32m  OK  [0m] Started Hold until boot process finishes up.
[[0;32m  OK  [0m] Started Terminate Plymouth Boot Screen.
         Starting Set console scheme...
[[0;32m  OK  [0m] Started Getty on tty1.
[[0;32m  OK  [0m] Started Serial Getty on ttyS0.
[[0;32m  OK  [0m] Reached target Login Prompts.
[[0;32m  OK  [0m] Started Set console scheme.
[   26.120119] cloud-init[1155]:   en_US.UTF-8... done
[   26.140625] cloud-init[1155]: Generation complete.
[[0;32m  OK  [0m] Stopped OpenBSD Secure Shell server.
         Starting OpenBSD Secure Shell server...
[[0;32m  OK  [0m] Started OpenBSD Secure Shell server.
[[0;32m  OK  [0m] Created slice User Slice of ubuntu.
         Starting User Manager for UID 1000...
[[0;32m  OK  [0m] Started User Manager for UID 1000.
[   26.697153] [cloud-init[0;32m  OK  [0m[1155]: ] Cloud-init v. 0.7.9 running 'modules:config' at Sat, 11 Mar 2017 03:27:58 +0000. Up 24.41 seconds.Started Session 1 of user ubuntu.

[[0;32m  OK  [0m] Started Apply the settings specified in cloud-config.
[[0;32m  OK  [0m] Started Pollinate to seed the pseudo random number generator.
[[0;32m  OK  [0m] Reached target Multi-User System.
[[0;32m  OK  [0m] Reached target Graphical Interface.
         Starting Update UTMP about System Runlevel Changes...
         Starting Execute cloud user/final scripts...
[[0;32m  OK  [0m] Started Update UTMP about System Runlevel Changes.
ci-info: no authorized ssh keys fingerprints found for user ubuntu.
<14>Mar 11 03:28:01 ec2: 
<14>Mar 11 03:28:01 ec2: #############################################################
<14>Mar 11 03:28:01 ec2: -----BEGIN SSH HOST KEY FINGERPRINTS-----
<14>Mar 11 03:28:01 ec2: 1024 SHA256:rmwQdSWdxDV1cgLb78nVAhsZsU52yOveeJG7k07ixLg root@ubuntu-xenial (DSA)
<14>Mar 11 03:28:01 ec2: 256 SHA256:7D/e4JK9o12jYPfYBvWwNpTKMzqFO1V3U4nVDcVvaS4 root@ubuntu-xenial (ECDSA)
<14>Mar 11 03:28:01 ec2: 256 SHA256:ZJQsXFeukPpVW2Jw7hDQhcizJwGgTwzjqB38T/OEgzI root@ubuntu-xenial (ED25519)
<14>Mar 11 03:28:01 ec2: 2048 SHA256:1B63wqWujBrMzO+hRqKwBohh7Gj0oTPfgIuqO5gUyNU root@ubuntu-xenial (RSA)
<14>Mar 11 03:28:01 ec2: -----END SSH HOST KEY FINGERPRINTS-----
<14>Mar 11 03:28:01 ec2: #############################################################
-----BEGIN SSH HOST KEY KEYS-----
ecdsa-sha2-nistp256 AAAAE2VjZHNhLXNoYTItbmlzdHAyNTYAAAAIbmlzdHAyNTYAAABBBBrF807QbpNbMF5eIk5AvKL9o58P1L7iA6qoNle7TGMwWn61mghyeMFcDDdnDJYYcrGwQjpFOJ0l9eCkpS3haos= root@ubuntu-xenial
ssh-ed25519 AAAAC3NzaC1lZDI1NTE5AAAAIHbqJLCCPloDrx6PWf+E8dU4sBNYy7SMs/tpf1pJK7fN root@ubuntu-xenial
ssh-rsa AAAAB3NzaC1yc2EAAAADAQABAAABAQDfMfGo1fI4uqIP4lVJjzP7jAmP0zWKsCt8pyCBRjSRNFcIp/RKo+SCA2T78/ZNiFlQeS23edYia7DzD7Nyu7cPjzUHdPyZxGQQYGaiSsKaMCUwZ5MbtMzamYbnpu/+0rp2qGfuYAInHWefE/WpbnG1TU9ilUUp34EW0b+tPJTmFIoh9NWxz3FLQwLh6ns9seZXbwzvz8PxmH/OfB3F1+2WGOYfdvYU5SLWYQkKBGKGFtXvWMWvry/uajKEtfrLcHU2UvQNgXpP297fmleHCahWZy8Dhy71zPss+hNFQebunWhNl1mk+72oAxOgx+pLVvmmCJyUUtTJ1XghQ0uoQUEH root@ubuntu-xenial
-----END SSH HOST KEY KEYS-----
[   27.656424] cloud-init[1459]: Cloud-init v. 0.7.9 running 'modules:final' at Sat, 11 Mar 2017 03:28:01 +0000. Up 27.37 seconds.
[   27.679567] cloud-init[1459]: ci-info: no authorized ssh keys fingerprints found for user ubuntu.
[   27.710095] cloud-init[1459]: Cloud-init v. 0.7.9 finished at Sat, 11 Mar 2017 03:28:01 +0000. Datasource DataSourceNoCloud [seed=/dev/sdb][dsmode=net].  Up 27.64 seconds
[[0;32m  OK  [0m] Started Execute cloud user/final scripts.
[[0;32m  OK  [0m] Reached target Cloud-init target.

Ubuntu 16.04.2 LTS ubuntu-xenial ttyS0

ubuntu-xenial login: 