This file contains any messages produced by compilers while
running configure, to aid debugging if configure makes a mistake.

It was created by configure, which was
generated by GNU Autoconf 2.69.  Invocation command line was

  $ ./configure --with-oci8=shared,instantclient,/usr/lib/oracle/12.2/client64/lib/

## --------- ##
## Platform. ##
## --------- ##

hostname = ubuntu-xenial
uname -m = x86_64
uname -r = 4.4.0-77-generic
uname -s = Linux
uname -v = #98-Ubuntu SMP Wed Apr 26 08:34:02 UTC 2017

/usr/bin/uname -p = unknown
/bin/uname -X     = unknown

/bin/arch              = unknown
/usr/bin/arch -k       = unknown
/usr/convex/getsysinfo = unknown
/usr/bin/hostinfo      = unknown
/bin/machine           = unknown
/usr/bin/oslevel       = unknown
/bin/universe          = unknown

PATH: /home/ubuntu/bin
PATH: /home/ubuntu/.local/bin
PATH: /usr/local/sbin
PATH: /usr/local/bin
PATH: /usr/sbin
PATH: /usr/bin
PATH: /sbin
PATH: /bin
PATH: /usr/games
PATH: /usr/local/games
PATH: /snap/bin


## ----------- ##
## Core tests. ##
## ----------- ##

configure:2372: checking for grep that handles long lines and -e
configure:2430: result: /bin/grep
configure:2435: checking for egrep
configure:2497: result: /bin/grep -E
configure:2502: checking for a sed that does not truncate output
configure:2566: result: /bin/sed
configure:2705: checking for cc
configure:2721: found /usr/bin/cc
configure:2732: result: cc
configure:2763: checking for C compiler version
configure:2772: cc --version >&5
cc (Ubuntu 5.4.0-6ubuntu1~16.04.4) 5.4.0 20160609
Copyright (C) 2015 Free Software Foundation, Inc.
This is free software; see the source for copying conditions.  There is NO
warranty; not even for MERCHANTABILITY or FITNESS FOR A PARTICULAR PURPOSE.

configure:2783: $? = 0
configure:2772: cc -v >&5
Using built-in specs.
COLLECT_GCC=cc
COLLECT_LTO_WRAPPER=/usr/lib/gcc/x86_64-linux-gnu/5/lto-wrapper
Target: x86_64-linux-gnu
Configured with: ../src/configure -v --with-pkgversion='Ubuntu 5.4.0-6ubuntu1~16.04.4' --with-bugurl=file:///usr/share/doc/gcc-5/README.Bugs --enable-languages=c,ada,c++,java,go,d,fortran,objc,obj-c++ --prefix=/usr --program-suffix=-5 --enable-shared --enable-linker-build-id --libexecdir=/usr/lib --without-included-gettext --enable-threads=posix --libdir=/usr/lib --enable-nls --with-sysroot=/ --enable-clocale=gnu --enable-libstdcxx-debug --enable-libstdcxx-time=yes --with-default-libstdcxx-abi=new --enable-gnu-unique-object --disable-vtable-verify --enable-libmpx --enable-plugin --with-system-zlib --disable-browser-plugin --enable-java-awt=gtk --enable-gtk-cairo --with-java-home=/usr/lib/jvm/java-1.5.0-gcj-5-amd64/jre --enable-java-home --with-jvm-root-dir=/usr/lib/jvm/java-1.5.0-gcj-5-amd64 --with-jvm-jar-dir=/usr/lib/jvm-exports/java-1.5.0-gcj-5-amd64 --with-arch-directory=amd64 --with-ecj-jar=/usr/share/java/eclipse-ecj.jar --enable-objc-gc --enable-multiarch --disable-werror --with-arch-32=i686 --with-abi=m64 --with-multilib-list=m32,m64,mx32 --enable-multilib --with-tune=generic --enable-checking=release --build=x86_64-linux-gnu --host=x86_64-linux-gnu --target=x86_64-linux-gnu
Thread model: posix
gcc version 5.4.0 20160609 (Ubuntu 5.4.0-6ubuntu1~16.04.4) 
configure:2783: $? = 0
configure:2772: cc -V >&5
cc: error: unrecognized command line option '-V'
cc: fatal error: no input files
compilation terminated.
configure:2783: $? = 1
configure:2772: cc -qversion >&5
cc: error: unrecognized command line option '-qversion'
cc: fatal error: no input files
compilation terminated.
configure:2783: $? = 1
configure:2803: checking whether the C compiler works
configure:2825: cc    conftest.c  >&5
configure:2829: $? = 0
configure:2877: result: yes
configure:2880: checking for C compiler default output file name
configure:2882: result: a.out
configure:2888: checking for suffix of executables
configure:2895: cc -o conftest    conftest.c  >&5
configure:2899: $? = 0
configure:2921: result: 
configure:2943: checking whether we are cross compiling
configure:2951: cc -o conftest    conftest.c  >&5
configure:2955: $? = 0
configure:2962: ./conftest
configure:2966: $? = 0
configure:2981: result: no
configure:2986: checking for suffix of object files
configure:3008: cc -c   conftest.c >&5
configure:3012: $? = 0
configure:3033: result: o
configure:3037: checking whether we are using the GNU C compiler
configure:3056: cc -c   conftest.c >&5
configure:3056: $? = 0
configure:3065: result: yes
configure:3074: checking whether cc accepts -g
configure:3094: cc -c -g  conftest.c >&5
configure:3094: $? = 0
configure:3135: result: yes
configure:3152: checking for cc option to accept ISO C89
configure:3215: cc  -c -g -O2  conftest.c >&5
configure:3215: $? = 0
configure:3228: result: none needed
configure:3254: checking how to run the C preprocessor
configure:3285: cc -E  conftest.c
configure:3285: $? = 0
configure:3299: cc -E  conftest.c
conftest.c:9:28: fatal error: ac_nonexistent.h: No such file or directory
compilation terminated.
configure:3299: $? = 1
configure: failed program was:
| /* confdefs.h */
| #define PACKAGE_NAME ""
| #define PACKAGE_TARNAME ""
| #define PACKAGE_VERSION ""
| #define PACKAGE_STRING ""
| #define PACKAGE_BUGREPORT ""
| #define PACKAGE_URL ""
| /* end confdefs.h.  */
| #include <ac_nonexistent.h>
configure:3324: result: cc -E
configure:3344: cc -E  conftest.c
configure:3344: $? = 0
configure:3358: cc -E  conftest.c
conftest.c:9:28: fatal error: ac_nonexistent.h: No such file or directory
compilation terminated.
configure:3358: $? = 1
configure: failed program was:
| /* confdefs.h */
| #define PACKAGE_NAME ""
| #define PACKAGE_TARNAME ""
| #define PACKAGE_VERSION ""
| #define PACKAGE_STRING ""
| #define PACKAGE_BUGREPORT ""
| #define PACKAGE_URL ""
| /* end confdefs.h.  */
| #include <ac_nonexistent.h>
configure:3389: checking for icc
configure:3398: result: no
configure:3412: checking for suncc
configure:3421: result: no
configure:3439: checking whether cc understands -c and -o together
configure:3467: cc -c conftest.c -o conftest2.o >&5
configure:3471: $? = 0
configure:3477: cc -c conftest.c -o conftest2.o >&5
configure:3481: $? = 0
configure:3536: result: yes
configure:3550: checking for system library directory
configure:3565: result: lib
configure:3572: checking if compiler supports -R
configure:3591: cc -o conftest -g -O2   conftest.c -R /usr/lib  >&5
cc: error: unrecognized command line option '-R'
configure:3591: $? = 1
configure: failed program was:
| /* confdefs.h */
| #define PACKAGE_NAME ""
| #define PACKAGE_TARNAME ""
| #define PACKAGE_VERSION ""
| #define PACKAGE_STRING ""
| #define PACKAGE_BUGREPORT ""
| #define PACKAGE_URL ""
| /* end confdefs.h.  */
| 
| int
| main ()
| {
| 
|   ;
|   return 0;
| }
configure:3601: result: no
configure:3606: checking if compiler supports -Wl,-rpath,
configure:3625: cc -o conftest -g -O2   conftest.c -Wl,-rpath,/usr/lib  >&5
configure:3625: $? = 0
configure:3635: result: yes
configure:3680: checking build system type
configure:3694: result: x86_64-pc-linux-gnu
configure:3714: checking host system type
configure:3727: result: x86_64-pc-linux-gnu
configure:3747: checking target system type
configure:3760: result: x86_64-pc-linux-gnu
configure:3863: checking for PHP prefix
configure:3865: result: /usr
configure:3867: checking for PHP includes
configure:3869: result: -I/usr/include/php/20151012 -I/usr/include/php/20151012/main -I/usr/include/php/20151012/TSRM -I/usr/include/php/20151012/Zend -I/usr/include/php/20151012/ext -I/usr/include/php/20151012/ext/date/lib
configure:3871: checking for PHP extension directory
configure:3873: result: /usr/lib/php/20151012
configure:3875: checking for PHP installed headers prefix
configure:3877: result: /usr/include/php/20151012
configure:3880: checking if debug is enabled
configure:3906: result: no
configure:3909: checking if zts is enabled
configure:3935: result: no
configure:4006: checking for re2c
configure:4036: result: no
configure:4061: WARNING: You will need re2c 0.13.4 or later if you want to regenerate PHP parsers.
configure:4075: checking for gawk
configure:4092: found /usr/bin/gawk
configure:4103: result: gawk
configure:4168: checking for Oracle Database OCI8 support
configure:4208: result: yes, shared
configure:4221: checking PHP version
configure:4247: result: 7.0.15, ok
configure:4251: checking OCI8 DTrace support
configure:4486: result: no
configure:4495: checking size of long int
configure:4500: cc -o conftest -g -O2   conftest.c  >&5
configure:4500: $? = 0
configure:4500: ./conftest
configure:4500: $? = 0
configure:4514: result: 8
configure:4524: checking checking if we're on a 64-bit platform
configure:4532: result: yes
configure:5356: checking Oracle Instant Client directory
configure:5365: result: /usr/lib/oracle/12.2/client64/lib/
configure:5370: checking Oracle Instant Client SDK header directory
configure:5380: result: /usr/include/oracle/12.2/client64
configure:5584: checking Oracle Instant Client library version compatibility
configure:5597: result: 12.1
configure:6044: checking how to print strings
configure:6071: result: printf
configure:6092: checking for a sed that does not truncate output
configure:6156: result: /bin/sed
configure:6174: checking for fgrep
configure:6236: result: /bin/grep -F
configure:6271: checking for ld used by cc
configure:6338: result: /usr/bin/ld
configure:6345: checking if the linker (/usr/bin/ld) is GNU ld
configure:6360: result: yes
configure:6372: checking for BSD- or MS-compatible name lister (nm)
configure:6426: result: /usr/bin/nm -B
configure:6556: checking the name lister (/usr/bin/nm -B) interface
configure:6563: cc -c -g -O2  conftest.c >&5
configure:6566: /usr/bin/nm -B "conftest.o"
configure:6569: output
0000000000000000 B some_variable
configure:6576: result: BSD nm
configure:6579: checking whether ln -s works
configure:6583: result: yes
configure:6591: checking the maximum length of command line arguments
configure:6722: result: 1572864
configure:6770: checking how to convert x86_64-pc-linux-gnu file names to x86_64-pc-linux-gnu format
configure:6810: result: func_convert_file_noop
configure:6817: checking how to convert x86_64-pc-linux-gnu file names to toolchain format
configure:6837: result: func_convert_file_noop
configure:6844: checking for /usr/bin/ld option to reload object files
configure:6851: result: -r
configure:6925: checking for objdump
configure:6941: found /usr/bin/objdump
configure:6952: result: objdump
configure:6984: checking how to recognize dependent libraries
configure:7184: result: pass_all
configure:7269: checking for dlltool
configure:7299: result: no
configure:7329: checking how to associate runtime and link libraries
configure:7356: result: printf %s\n
configure:7416: checking for ar
configure:7432: found /usr/bin/ar
configure:7443: result: ar
configure:7480: checking for archiver @FILE support
configure:7497: cc -c -g -O2  conftest.c >&5
configure:7497: $? = 0
configure:7500: ar cru libconftest.a @conftest.lst >&5
ar: `u' modifier ignored since `D' is the default (see `U')
configure:7503: $? = 0
configure:7508: ar cru libconftest.a @conftest.lst >&5
ar: `u' modifier ignored since `D' is the default (see `U')
ar: conftest.o: No such file or directory
configure:7511: $? = 1
configure:7523: result: @
configure:7581: checking for strip
configure:7597: found /usr/bin/strip
configure:7608: result: strip
configure:7680: checking for ranlib
configure:7696: found /usr/bin/ranlib
configure:7707: result: ranlib
configure:7784: checking for gawk
configure:7811: result: gawk
configure:7851: checking command to parse /usr/bin/nm -B output from cc object
configure:8004: cc -c -g -O2  conftest.c >&5
configure:8007: $? = 0
configure:8011: /usr/bin/nm -B conftest.o \| sed -n -e 's/^.*[ ]\([ABCDGIRSTW][ABCDGIRSTW]*\)[ ][ ]*\([_A-Za-z][_A-Za-z0-9]*\)$/\1 \2 \2/p' | sed '/ __gnu_lto/d' \> conftest.nm
configure:8014: $? = 0
configure:8080: cc -o conftest -g -O2   conftest.c conftstm.o >&5
configure:8083: $? = 0
configure:8121: result: ok
configure:8168: checking for sysroot
configure:8198: result: no
configure:8205: checking for a working dd
configure:8243: result: /bin/dd
configure:8247: checking how to truncate binary pipes
configure:8262: result: /bin/dd bs=4096 count=1
configure:8398: cc -c -g -O2  conftest.c >&5
configure:8401: $? = 0
configure:8591: checking for mt
configure:8607: found /bin/mt
configure:8618: result: mt
configure:8641: checking if mt is a manifest tool
configure:8647: mt '-?'
configure:8655: result: no
configure:9329: checking for dlfcn.h
configure:9329: cc -c -g -O2  conftest.c >&5
configure:9329: $? = 0
configure:9329: result: yes
configure:9585: checking for objdir
configure:9600: result: .libs
configure:9864: checking if cc supports -fno-rtti -fno-exceptions
configure:9882: cc -c -g -O2  -fno-rtti -fno-exceptions conftest.c >&5
cc1: warning: command line option '-fno-rtti' is valid for C++/ObjC++ but not for C
configure:9886: $? = 0
configure:9899: result: no
configure:10257: checking for cc option to produce PIC
configure:10264: result: -fPIC -DPIC
configure:10272: checking if cc PIC flag -fPIC -DPIC works
configure:10290: cc -c -g -O2  -fPIC -DPIC -DPIC conftest.c >&5
configure:10294: $? = 0
configure:10307: result: yes
configure:10336: checking if cc static flag -static works
configure:10364: result: yes
configure:10379: checking if cc supports -c -o file.o
configure:10400: cc -c -g -O2  -o out/conftest2.o conftest.c >&5
configure:10404: $? = 0
configure:10426: result: yes
configure:10434: checking if cc supports -c -o file.o
configure:10481: result: yes
configure:10514: checking whether the cc linker (/usr/bin/ld -m elf_x86_64) supports shared libraries
configure:11777: result: yes
configure:11814: checking whether -lc should be explicitly linked in
configure:11822: cc -c -g -O2  conftest.c >&5
configure:11825: $? = 0
configure:11840: cc -shared  -fPIC -DPIC conftest.o  -v -Wl,-soname -Wl,conftest -o conftest 2\>\&1 \| /bin/grep  -lc  \>/dev/null 2\>\&1
configure:11843: $? = 0
configure:11857: result: no
configure:12017: checking dynamic linker characteristics
configure:12598: cc -o conftest -g -O2   -Wl,-rpath -Wl,/foo conftest.c  >&5
configure:12598: $? = 0
configure:12847: result: GNU/Linux ld.so
configure:12969: checking how to hardcode library paths into programs
configure:12994: result: immediate
configure:13542: checking whether stripping libraries is possible
configure:13547: result: yes
configure:13582: checking if libtool supports shared libraries
configure:13584: result: yes
configure:13587: checking whether to build shared libraries
configure:13612: result: yes
configure:13615: checking whether to build static libraries
configure:13619: result: no
configure:13895: creating ./config.status

## ---------------------- ##
## Running config.status. ##
## ---------------------- ##

This file was extended by config.status, which was
generated by GNU Autoconf 2.69.  Invocation command line was

  CONFIG_FILES    = 
  CONFIG_HEADERS  = 
  CONFIG_LINKS    = 
  CONFIG_COMMANDS = 
  $ ./config.status 

on ubuntu-xenial

config.status:881: creating config.h
config.status:985: executing libtool commands

## ---------------- ##
## Cache variables. ##
## ---------------- ##

ac_cv_build=x86_64-pc-linux-gnu
ac_cv_c_compiler_gnu=yes
ac_cv_env_CC_set=
ac_cv_env_CC_value=
ac_cv_env_CFLAGS_set=
ac_cv_env_CFLAGS_value=
ac_cv_env_CPPFLAGS_set=
ac_cv_env_CPPFLAGS_value=
ac_cv_env_CPP_set=
ac_cv_env_CPP_value=
ac_cv_env_LDFLAGS_set=
ac_cv_env_LDFLAGS_value=
ac_cv_env_LIBS_set=
ac_cv_env_LIBS_value=
ac_cv_env_LT_SYS_LIBRARY_PATH_set=
ac_cv_env_LT_SYS_LIBRARY_PATH_value=
ac_cv_env_build_alias_set=
ac_cv_env_build_alias_value=
ac_cv_env_host_alias_set=
ac_cv_env_host_alias_value=
ac_cv_env_target_alias_set=
ac_cv_env_target_alias_value=
ac_cv_header_dlfcn_h=yes
ac_cv_host=x86_64-pc-linux-gnu
ac_cv_objext=o
ac_cv_path_EGREP='/bin/grep -E'
ac_cv_path_FGREP='/bin/grep -F'
ac_cv_path_GREP=/bin/grep
ac_cv_path_SED=/bin/sed
ac_cv_path_lt_DD=/bin/dd
ac_cv_prog_AWK=gawk
ac_cv_prog_CPP='cc -E'
ac_cv_prog_ac_ct_AR=ar
ac_cv_prog_ac_ct_CC=cc
ac_cv_prog_ac_ct_MANIFEST_TOOL=mt
ac_cv_prog_ac_ct_OBJDUMP=objdump
ac_cv_prog_ac_ct_RANLIB=ranlib
ac_cv_prog_ac_ct_STRIP=strip
ac_cv_prog_cc_c89=
ac_cv_prog_cc_cc_c_o=yes
ac_cv_prog_cc_g=yes
ac_cv_sizeof_long_int=8
ac_cv_target=x86_64-pc-linux-gnu
lt_cv_ar_at_file=@
lt_cv_archive_cmds_need_lc=no
lt_cv_deplibs_check_method=pass_all
lt_cv_file_magic_cmd='$MAGIC_CMD'
lt_cv_file_magic_test_file=
lt_cv_ld_reload_flag=-r
lt_cv_nm_interface='BSD nm'
lt_cv_objdir=.libs
lt_cv_path_LD=/usr/bin/ld
lt_cv_path_NM='/usr/bin/nm -B'
lt_cv_path_mainfest_tool=no
lt_cv_prog_compiler_c_o=yes
lt_cv_prog_compiler_pic='-fPIC -DPIC'
lt_cv_prog_compiler_pic_works=yes
lt_cv_prog_compiler_rtti_exceptions=no
lt_cv_prog_compiler_static_works=yes
lt_cv_prog_gnu_ld=yes
lt_cv_sharedlib_from_linklib_cmd='printf %s\n'
lt_cv_shlibpath_overrides_runpath=no
lt_cv_sys_global_symbol_pipe='sed -n -e '\''s/^.*[	 ]\([ABCDGIRSTW][ABCDGIRSTW]*\)[	 ][	 ]*\([_A-Za-z][_A-Za-z0-9]*\)$/\1 \2 \2/p'\'' | sed '\''/ __gnu_lto/d'\'''
lt_cv_sys_global_symbol_to_c_name_address='sed -n -e '\''s/^: \(.*\) .*$/  {"\1", (void *) 0},/p'\'' -e '\''s/^[ABCDGIRSTW][ABCDGIRSTW]* .* \(.*\)$/  {"\1", (void *) \&\1},/p'\'''
lt_cv_sys_global_symbol_to_c_name_address_lib_prefix='sed -n -e '\''s/^: \(.*\) .*$/  {"\1", (void *) 0},/p'\'' -e '\''s/^[ABCDGIRSTW][ABCDGIRSTW]* .* \(lib.*\)$/  {"\1", (void *) \&\1},/p'\'' -e '\''s/^[ABCDGIRSTW][ABCDGIRSTW]* .* \(.*\)$/  {"lib\1", (void *) \&\1},/p'\'''
lt_cv_sys_global_symbol_to_cdecl='sed -n -e '\''s/^T .* \(.*\)$/extern int \1();/p'\'' -e '\''s/^[ABCDGIRSTW][ABCDGIRSTW]* .* \(.*\)$/extern char \1;/p'\'''
lt_cv_sys_global_symbol_to_import=
lt_cv_sys_max_cmd_len=1572864
lt_cv_to_host_file_cmd=func_convert_file_noop
lt_cv_to_tool_file_cmd=func_convert_file_noop
lt_cv_truncate_bin='/bin/dd bs=4096 count=1'
php_cv_cc_dashr=no
php_cv_cc_rpath=yes

## ----------------- ##
## Output variables. ##
## ----------------- ##

AR='ar'
AWK='gawk'
CC='cc'
CFLAGS='-g -O2'
CONFIGURE_COMMAND=' '\''./configure'\''  '\''--with-oci8=shared,instantclient,/usr/lib/oracle/12.2/client64/lib/'\'''
CONFIGURE_OPTIONS=' '\''--with-oci8=shared,instantclient,/usr/lib/oracle/12.2/client64/lib/'\'''
CPP='cc -E'
CPPFLAGS=' -DHAVE_CONFIG_H'
DEFS='-DHAVE_CONFIG_H'
DLLTOOL='false'
DSYMUTIL=''
DUMPBIN=''
ECHO_C=''
ECHO_N='-n'
ECHO_T=''
EGREP='/bin/grep -E'
EXEEXT=''
FGREP='/bin/grep -F'
GREP='/bin/grep'
LD='/usr/bin/ld -m elf_x86_64'
LDFLAGS=''
LIBOBJS=''
LIBS=''
LIBTOOL='$(SHELL) $(top_builddir)/libtool'
LIPO=''
LN_S='ln -s'
LTLIBOBJS=''
LT_SYS_LIBRARY_PATH=''
MANIFEST_TOOL=':'
NM='/usr/bin/nm -B'
NMEDIT=''
OBJDUMP='objdump'
OBJEXT='o'
OCI8_DIR='/usr/lib/oracle/12.2/client64/lib/'
OCI8_ORACLE_VERSION='12.1'
OCI8_SHARED_LIBADD='-Wl,-rpath,/usr/lib/oracle/12.2/client64/lib/ -L/usr/lib/oracle/12.2/client64/lib/  -lclntsh'
OTOOL64=''
OTOOL=''
PACKAGE_BUGREPORT=''
PACKAGE_NAME=''
PACKAGE_STRING=''
PACKAGE_TARNAME=''
PACKAGE_URL=''
PACKAGE_VERSION=''
PATH_SEPARATOR=':'
RANLIB='ranlib'
RE2C='exit 0;'
SED='/bin/sed'
SHELL='/bin/bash'
SHLIB_DL_SUFFIX_NAME='so'
SHLIB_SUFFIX_NAME='so'
STRIP='strip'
ac_ct_AR='ar'
ac_ct_CC='cc'
ac_ct_DUMPBIN=''
bindir='${exec_prefix}/bin'
build='x86_64-pc-linux-gnu'
build_alias=''
build_cpu='x86_64'
build_os='linux-gnu'
build_vendor='pc'
datadir='${datarootdir}'
datarootdir='${prefix}/share'
docdir='${datarootdir}/doc/${PACKAGE}'
dvidir='${docdir}'
exec_prefix='$(prefix)'
host='x86_64-pc-linux-gnu'
host_alias='x86_64-pc-linux-gnu'
host_cpu='x86_64'
host_os='linux-gnu'
host_vendor='pc'
htmldir='${docdir}'
includedir='${prefix}/include'
infodir='${datarootdir}/info'
libdir='${exec_prefix}/lib'
libexecdir='${exec_prefix}/libexec'
localedir='${datarootdir}/locale'
localstatedir='${prefix}/var'
mandir='${datarootdir}/man'
oldincludedir='/usr/include'
pdfdir='${docdir}'
prefix='/usr'
program_transform_name='s,x,x,'
psdir='${docdir}'
runstatedir='${localstatedir}/run'
sbindir='${exec_prefix}/sbin'
sharedstatedir='${prefix}/com'
sysconfdir='${prefix}/etc'
target='x86_64-pc-linux-gnu'
target_alias=''
target_cpu='x86_64'
target_os='linux-gnu'
target_vendor='pc'

## ----------- ##
## confdefs.h. ##
## ----------- ##

/* confdefs.h */
#define PACKAGE_NAME ""
#define PACKAGE_TARNAME ""
#define PACKAGE_VERSION ""
#define PACKAGE_STRING ""
#define PACKAGE_BUGREPORT ""
#define PACKAGE_URL ""
#define SIZEOF_LONG_INT 8
#define HAVE_OCI_INSTANT_CLIENT 1
#define COMPILE_DL_OCI8 1
#define HAVE_OCI8 1
#define HAVE_DLFCN_H 1
#define LT_OBJDIR ".libs/"

configure: exit 0
